#
# A fatal error has been detected by the Java Runtime Environment:
#
#  EXCEPTION_IN_PAGE_ERROR (0xc0000006) at pc=0x0000000002c34982, pid=6692, tid=0x0000000000002454
#
# JRE version: Java(TM) SE Runtime Environment (8.0_131-b11) (build 1.8.0_131-b11)
# Java VM: Java HotSpot(TM) 64-Bit Server VM (25.131-b11 mixed mode windows-amd64 compressed oops)
# Problematic frame:
# j  org.apache.http.impl.AbstractHttpClientConnection.doFlush()V+4
#
# Failed to write core dump. Minidumps are not enabled by default on client versions of Windows
#
# If you would like to submit a bug report, please visit:
#   http://bugreport.java.com/bugreport/crash.jsp
#

---------------  T H R E A D  ---------------

Current thread (0x000000005f104000):  JavaThread "DiscoveryClient-HeartbeatExecutor-0" daemon [_thread_in_Java, id=9300, stack(0x00000000629a0000,0x0000000062aa0000)]

siginfo: ExceptionCode=0xc0000006, ExceptionInformation=0x0000000000000000 0x00000000e2ac0cc0 0x00000000c0000185 

Registers:
RAX=0x000000001751b888, RBX=0x0000000000000003, RCX=0x00000000e2ac0cb8, RDX=0x0000000090000001
RSP=0x0000000062a9e518, RBP=0x0000000062a9e568, RSI=0x0000000000004e20, RDI=0x0000000000002710
R8 =0x0000000081a10580, R9 =0x00000000000000de, R10=0x000000005adee0c0, R11=0x00000000034c35c0
R12=0x0000000000000000, R13=0x000000006073d5d4, R14=0x0000000062a9e578, R15=0x000000005f104000
RIP=0x0000000002c34982, EFLAGS=0x0000000000010246

Top of Stack: (sp=0x0000000062a9e518)
0x0000000062a9e518:   0000000002c18376 00000000e2ac0cb8
0x0000000062a9e528:   0000000062a9e528 000000006073d5d4
0x0000000062a9e538:   0000000062a9e578 000000006073dc18
0x0000000062a9e548:   0000000000000000 000000006073d5f8
0x0000000062a9e558:   0000000000000000 0000000062a9e578
0x0000000062a9e568:   0000000062a9e5c0 0000000002c18331
0x0000000062a9e578:   00000000e2abc938 0000000062a9e580
0x0000000062a9e588:   000000006073be4b 0000000062a9e5e8
0x0000000062a9e598:   000000006073e1b8 0000000000000000
0x0000000062a9e5a8:   000000006073bf00 0000000062a9e578
0x0000000062a9e5b8:   0000000062a9e5e8 0000000062a9e630
0x0000000062a9e5c8:   0000000002c18331 0000000000000000
0x0000000062a9e5d8:   0000000000000000 00000000e2abcb58
0x0000000062a9e5e8:   00000000e2abc938 0000000062a9e5f0
0x0000000062a9e5f8:   0000000060739ef9 0000000062a9e648
0x0000000062a9e608:   000000006073e670 0000000000000000 

Instructions: (pc=0x0000000002c34982)
0x0000000002c34962:   d8 41 83 ed 04 41 c1 e5 03 49 03 d5 48 89 55 e0
0x0000000002c34972:   4c 8d 6c 24 08 4c 89 6d f0 ff 63 50 4c 8b 75 d0
0x0000000002c34982:   8b 51 08 4c 8b 6d e0 4d 85 ed 0f 84 97 00 00 00
0x0000000002c34992:   4d 8b 75 10 4c 3b f2 0f 85 0f 00 00 00 49 83 45 


Register to memory mapping:

RAX=0x000000001751b888 is pointing into metadata
RBX=