#
# A fatal error has been detected by the Java Runtime Environment:
#
#  EXCEPTION_IN_PAGE_ERROR (0xc0000006) at pc=0x0000000002b87d76, pid=4816, tid=0x0000000000002738
#
# JRE version: Java(TM) SE Runtime Environment (8.0_131-b11) (build 1.8.0_131-b11)
# Java VM: Java HotSpot(TM) 64-Bit Server VM (25.131-b11 mixed mode windows-amd64 compressed oops)
# Problematic frame:
# J 1089 C1 java.util.AbstractList.iterator()Ljava/util/Iterator; (10 bytes) @ 0x0000000002b87d76 [0x0000000002b87d20+0x56]
#
# Failed to write core dump. Minidumps are not enabled by default on client versions of Windows
#
# If you would like to submit a bug report, please visit:
#   http://bugreport.java.com/bugreport/crash.jsp
#

---------------  T H R E A D  ---------------

Current thread (0x000000005ce88000):  JavaThread "PollingServerListUpdater-0" daemon [_thread_in_Java, id=10040, stack(0x0000000062fd0000,0x00000000630d0000)]

siginfo: ExceptionCode=0xc0000006, ExceptionInformation=0x0000000000000001 0x00000000d6617000 0x00000000c0000185 

Registers:
RAX=0x00000000d6617000, RBX=0x00000000d6616fa8, RCX=0x0000000000000005, RDX=0x0000000016bddb10
RSP=0x00000000630ce2a0, RBP=0x00000000630ceac0, RSI=0x0000000000000002, RDI=0x00000000d6617020
R8 =0x00000000d6616fa8, R9 =0x0000000000000000, R10=0x0000000016bb5938, R11=0x00000000000003d8
R12=0x0000000000000000, R13=0x0000000000000000, R14=0x00000000d6616f08, R15=0x000000005ce88000
RIP=0x0000000002b87d76, EFLAGS=0x0000000000010297

Top of Stack: (sp=0x00000000630ce2a0)
0x00000000630ce2a0:   0000000000000000 0000000000000002
0x00000000630ce2b0:   00000000d6616f08 0000000003146644
0x00000000630ce2c0:   00000000630ceac0 0000000002f4cc0c
0x00000000630ce2d0:   00000000630ceac0 0000000002a7d6ac
0x00000000630ce2e0:   0000000000000001 000000005a6e5d71
0x00000000630ce2f0:   000000005ce88000 00000000e6f17310
0x00000000630ce300:   0000000000000002 0000000002a06831
0x00000000630ce310:   00000000630ceac0 0000000002d07754
0x00000000630ce320:   0000000081600780 00000000d6616f08
0x00000000630ce330:   0000000d00000001 00000000d6616f38
0x00000000630ce340:   0000000000000000 00000000823736b8
0x00000000630ce350:   0000000000000000 00000000823736b8
0x00000000630ce360:   00000000823736b8 00000000d6616d78
0x00000000630ce370:   00000000630ceac0 00000000029efd9c
0x00000000630ce380:   000000005ce88000 00000000823736b8
0x00000000630ce390:   00000000e6f17198 000000005a6e5c5b 

Instructions: (pc=0x0000000002b87d76)
0x0000000002b87d56:   00 00 00 49 8b 47 60 48 8d 78 20 49 3b 7f 70 0f
0x0000000002b87d66:   87 5a 00 00 00 49 89 7f 60 48 8b 8a a8 00 00 00
0x0000000002b87d76:   48 89 08 48 8b ca 89 48 08 48 33 c9 89 48 0c 48
0x0000000002b87d86:   33 c9 48 89 48 10 48 89 48 18 4c 8b d3 44 89 50 


Register to memory mapping:

RAX=0x00000000d6617000 is an oop

[error occurred during error reporting (printing register info), id 0xc0000005]

Stack: [0x0000000062fd0000,0x00000000630d0000],  sp=0x00000000630ce2a0,  free space=1016k
Native frames: (J=compiled Java code, j=interpreted, Vv=VM code, C=native code)
C  0x0000000002b87d76