#
# A fatal error has been detected by the Java Runtime Environment:
#
#  EXCEPTION_IN_PAGE_ERROR (0xc0000006) at pc=0x0000000002f042db, pid=9436, tid=0x00000000000019d4
#
# JRE version: Java(TM) SE Runtime Environment (8.0_131-b11) (build 1.8.0_131-b11)
# Java VM: Java HotSpot(TM) 64-Bit Server VM (25.131-b11 mixed mode windows-amd64 compressed oops)
# Problematic frame:
# J 3196 C1 java.util.zip.ZipCoder.getBytes(Ljava/lang/String;)[B (192 bytes) @ 0x0000000002f042db [0x0000000002f041a0+0x13b]
#
# Failed to write core dump. Minidumps are not enabled by default on client versions of Windows
#
# If you would like to submit a bug report, please visit:
#   http://bugreport.java.com/bugreport/crash.jsp
#

---------------  T H R E A D  ---------------

Current thread (0x000000005bf8e800):  JavaThread "DiscoveryClient-HeartbeatExecutor-0" daemon [_thread_in_Java, id=6612, stack(0x000000005b3a0000,0x000000005b4a0000)]

siginfo: ExceptionCode=0xc0000006, ExceptionInformation=0x0000000000000001 0x00000000d7d8c000 0x00000000c0000185 

Registers:
RAX=0x00000000d7d8c000, RBX=0x0000000000000024, RCX=0x0000000081992548, RDX=0x0000000016bf0208
RSP=0x000000005b49c250, RBP=0x000000005b49c780, RSI=0x0000000000000058, RDI=0x0000000000000024
R8 =0x00000000d7d8b2f8, R9 =0x00000000d7d8b2a0, R10=0x0000000016c77dd8, R11=0x0000000081775988
R12=0x0000000000000000, R13=0x00000000817759a8, R14=0x0000000000000024, R15=0x000000005bf8e800
RIP=0x0000000002f042db, EFLAGS=0x0000000000010202

Top of Stack: (sp=0x000000005b49c250)
0x000000005b49c250:   000000005ee1cdd6 0000000081601d20
0x000000005b49c260:   000000005b49c308 0000000076d9bc4a
0x000000005b49c270:   000000005c52c280 000000000000005a
0x000000005b49c280:   000000005bf8e800 0000000076c813ea
0x000000005b49c290:   0000000000000000 000000005b49c2e0
0x000000005b49c2a0:   0000000000b600b4 000000005ee1cd20
0x000000005b49c2b0:   0000000000000000 000007fefcb36e16
0x000000005b49c2c0:   000000005bf8e800 0000000000000035
0x000000005b49c2d0:   0000000000000000 0000000000000000
0x000000005b49c2e0:   0000000081601d20 000000005b49c3f0
0x000000005b49c2f0:   000000005ee1cd20 0000000076c813ea
0x000000005b49c300:   0000000000000000 0000000000000000
0x000000005b49c310:   0000009d8b794e08 000000005b70c73a
0x000000005b49c320:   0000000000000023 0000000000000000
0x000000005b49c330:   0000000000000000 0000000000000024
0x000000005b49c340:   0000000081775988 00000000029dc398 

Instructions: (pc=0x0000000002f042db)
0x0000000002f042bb:   8d 34 5e 48 83 e6 f8 49 8b 47 60 48 8d 34 30 49
0x0000000002f042cb:   3b 77 70 0f 87 09 09 00 00 49 89 77 60 48 2b f0
0x0000000002f042db:   48 c7 00 01 00 00 00 48 8b ca 89 48 08 89 58 0c
0x0000000002f042eb:   48 83 ee 10 0f 84 11 00 00 00 48 33 db 48 c1 ee 


Register to memory mapping:

RAX=0x00000000d7d8c000 is an oop

[error occurred during error reporting (printing register info), id 0xc0000005]

Stack: [0x000000005b3a0000,0x000000005b4a0000],  sp=0x000000005b49c250,  free space=1008k
Native frames: (J=compiled Java code, j=interpreted, Vv=VM code, C=native code)
C  0x0000000002f042db